<?xml version="1.0" encoding="UTF-8"?>
<!-- Generated by org.testng.reporters.JUnitXMLReporter -->
<testsuite hostname="NAG1-LHP-N06552" name="Free Bridge Test Cases" tests="1" failures="0" timestamp="15 Apr 2019 07:25:21 GMT" time="0.051" errors="0">
  <testcase name="@BeforeMethod setUp" time="0.0" classname="BridgeTest.Com.Bridge.Test.BridgeLoginTest">
    <failure type="java.lang.NullPointerException">
      <![CDATA[java.lang.NullPointerException
	at BridgeTest.Com.Bridge.Test.BridgeBase.Initialization(BridgeBase.java:44)
	at BridgeTest.Com.Bridge.Test.BridgeLoginTest.setUp(BridgeLoginTest.java:24)
... Removed 26 stack frames]]>
    </failure>
  </testcase> <!-- @BeforeMethod setUp -->
  <testcase name="@AfterMethod tearDown" time="0.0" classname="BridgeTest.Com.Bridge.Test.BridgeLoginTest">
    <skipped/>
  </testcase> <!-- @AfterMethod tearDown -->
  <testcase name="loginPageTitleTest" time="0.005" classname="BridgeTest.Com.Bridge.Test.BridgeLoginTest">
    <skipped/>
  </testcase> <!-- loginPageTitleTest -->
</testsuite> <!-- Free Bridge Test Cases -->
