<?xml version="1.0" encoding="UTF-8"?>
<!-- Generated by org.testng.reporters.JUnitXMLReporter -->
<testsuite hostname="NAG1-LHP-N06552" name="Test" tests="3" failures="0" timestamp="18 Apr 2019 11:24:18 GMT" time="27.416" errors="0">
  <testcase name="validateUser" time="0.101" classname="BridgeTest.Com.Bridge.Test.BridgeHomeTest"/>
  <testcase name="loginPageTitleTest" time="0.014" classname="BridgeTest.Com.Bridge.Test.BridgeLoginTest"/>
  <testcase name="loginTest" time="0.878" classname="BridgeTest.Com.Bridge.Test.BridgeLoginTest"/>
</testsuite> <!-- Test -->
