<?xml version="1.0" encoding="UTF-8"?>
<testng-results skipped="0" failed="0" total="3" passed="3">
  <reporter-output>
  </reporter-output>
  <suite name="Suite" duration-ms="27416" started-at="2019-04-18T11:23:50Z" finished-at="2019-04-18T11:24:18Z">
    <groups>
    </groups>
    <test name="Test" duration-ms="27416" started-at="2019-04-18T11:23:50Z" finished-at="2019-04-18T11:24:18Z">
      <class name="BridgeTest.Com.Bridge.Test.BridgeHomeTest">
        <test-method status="PASS" signature="setUp()[pri:0, instance:BridgeTest.Com.Bridge.Test.BridgeHomeTest@18be83e4]" name="setUp" is-config="true" duration-ms="9849" started-at="2019-04-18T16:53:50Z" finished-at="2019-04-18T16:54:00Z">
          <reporter-output>
          </reporter-output>
        </test-method> <!-- setUp -->
        <test-method status="PASS" signature="validateUser()[pri:0, instance:BridgeTest.Com.Bridge.Test.BridgeHomeTest@18be83e4]" name="validateUser" duration-ms="101" started-at="2019-04-18T16:54:00Z" finished-at="2019-04-18T16:54:00Z">
          <reporter-output>
          </reporter-output>
        </test-method> <!-- validateUser -->
        <test-method status="PASS" signature="teardown()[pri:0, instance:BridgeTest.Com.Bridge.Test.BridgeHomeTest@18be83e4]" name="teardown" is-config="true" duration-ms="0" started-at="2019-04-18T16:54:18Z" finished-at="2019-04-18T16:54:18Z">
          <reporter-output>
          </reporter-output>
        </test-method> <!-- teardown -->
      </class> <!-- BridgeTest.Com.Bridge.Test.BridgeHomeTest -->
      <class name="BridgeTest.Com.Bridge.Test.BridgeLoginTest">
        <test-method status="PASS" signature="setUp()[pri:0, instance:BridgeTest.Com.Bridge.Test.BridgeLoginTest@3ffc5af1]" name="setUp" is-config="true" duration-ms="6554" started-at="2019-04-18T16:54:00Z" finished-at="2019-04-18T16:54:07Z">
          <reporter-output>
          </reporter-output>
        </test-method> <!-- setUp -->
        <test-method status="PASS" signature="loginPageTitleTest()[pri:0, instance:BridgeTest.Com.Bridge.Test.BridgeLoginTest@3ffc5af1]" name="loginPageTitleTest" duration-ms="14" started-at="2019-04-18T16:54:07Z" finished-at="2019-04-18T16:54:07Z">
          <reporter-output>
          </reporter-output>
        </test-method> <!-- loginPageTitleTest -->
        <test-method status="PASS" signature="tearDown()[pri:0, instance:BridgeTest.Com.Bridge.Test.BridgeLoginTest@3ffc5af1]" name="tearDown" is-config="true" duration-ms="1626" started-at="2019-04-18T16:54:07Z" finished-at="2019-04-18T16:54:08Z">
          <reporter-output>
          </reporter-output>
        </test-method> <!-- tearDown -->
        <test-method status="PASS" signature="setUp()[pri:0, instance:BridgeTest.Com.Bridge.Test.BridgeLoginTest@3ffc5af1]" name="setUp" is-config="true" duration-ms="7042" started-at="2019-04-18T16:54:08Z" finished-at="2019-04-18T16:54:15Z">
          <reporter-output>
          </reporter-output>
        </test-method> <!-- setUp -->
        <test-method status="PASS" signature="loginTest()[pri:0, instance:BridgeTest.Com.Bridge.Test.BridgeLoginTest@3ffc5af1]" name="loginTest" duration-ms="878" started-at="2019-04-18T16:54:15Z" finished-at="2019-04-18T16:54:16Z">
          <reporter-output>
          </reporter-output>
        </test-method> <!-- loginTest -->
        <test-method status="PASS" signature="tearDown()[pri:0, instance:BridgeTest.Com.Bridge.Test.BridgeLoginTest@3ffc5af1]" name="tearDown" is-config="true" duration-ms="1322" started-at="2019-04-18T16:54:16Z" finished-at="2019-04-18T16:54:18Z">
          <reporter-output>
          </reporter-output>
        </test-method> <!-- tearDown -->
      </class> <!-- BridgeTest.Com.Bridge.Test.BridgeLoginTest -->
    </test> <!-- Test -->
  </suite> <!-- Suite -->
</testng-results>
