<?xml version="1.0" encoding="UTF-8"?>
<!-- Generated by org.testng.reporters.JUnitXMLReporter -->
<testsuite hostname="NAG1-LHP-N06552" name="Free Bridge Test Cases" tests="1" failures="1" timestamp="15 Apr 2019 09:05:40 GMT" time="8.587" errors="0">
  <testcase name="loginPageTitleTest" time="0.062" classname="BridgeTest.Com.Bridge.Test.BridgeLoginTest">
    <failure type="java.lang.AssertionError" message="expected:&amp;lt;Log On&amp;gt; but was:&amp;lt;#1 Relationship Software&amp;gt;">
      <![CDATA[java.lang.AssertionError: expected:<Log On> but was:<#1 Relationship Software>
	at BridgeTest.Com.Bridge.Test.BridgeLoginTest.loginPageTitleTest(BridgeLoginTest.java:30)
... Removed 26 stack frames]]>
    </failure>
  </testcase> <!-- loginPageTitleTest -->
</testsuite> <!-- Free Bridge Test Cases -->
